Fri May 16 17:08:33 2008	Opened Log FileFri May 16 17:08:33 2008[BootMessage]Starting receive threads

Fri May 16 17:08:33 2008[SystemMessage]Beginning to list server

Fri May 16 17:08:33 2008[BootMessage]Beginning to list server
TCP Bound to port 41805

Fri May 16 17:08:33 2008[BootMessage]UDP Bound to port 41805

Fri May 16 17:08:33 2008[BootMessage]TCP listening

Fri May 16 17:12:44 2008[GameMessage]New player0joined from address77.162.57.173:4529

Fri May 16 17:12:44 2008[GameMessage]Selected new master client0

Fri May 16 17:12:45 2008[GameMessage]Entity 0 updated its position to -328.429 -28.9939 -205.425 0.1716 -0 5.854in cell 180590

Fri May 16 17:12:45 2008[GameMessage]Entity 67114411 updated its position to -377.345 54.2187 -205.425 0 -0 2.65947in cell 180590

Fri May 16 17:12:45 2008[GameMessage]Entity 0 updated its position to -328.429 -28.9939 -205.413 0.156 -0 5.8592in cell 180590

Fri May 16 17:12:45 2008[GameMessage]Entity 67114411 updated its position to -377.345 54.2187 -205.413 0 -0 2.65947in cell 180590

Fri May 16 17:12:45 2008[GameMessage]Entity 0 updated its position to -328.429 -28.9939 -205.395 0.1508 -0 5.8644in cell 180590

Fri May 16 17:12:45 2008[GameMessage]Entity 67114411 updated its position to -377.345 54.2187 -205.395 0 -0 2.65947in cell 180590

Fri May 16 17:12:45 2008[GameMessage]Entity 0 updated its position to -328.429 -28.9939 -205.379 0.1508 -0 5.8644in cell 180590

Fri May 16 17:12:45 2008[GameMessage]Entity 67114411 updated its position to -377.345 54.2187 -205.379 0 -0 2.65947in cell 180590

Fri May 16 17:12:45 2008[GameMessage]Entity 0 updated its position to -328.429 -28.9939 -205.368 0.1508 -0 5.8644in cell 180590

Fri May 16 17:12:45 2008[GameMessage]Entity 67114411 updated its position to -377.345 54.2187 -205.368 0 -0 2.65947in cell 180590

Fri May 16 17:12:45 2008[GameMessage]Entity 0 updated its position to -328.429 -28.9939 -205.353 0.1508 -0 5.8644in cell 180590

Fri May 16 17:12:45 2008[GameMessage]Entity 67114411 updated its position to -377.345 54.2187 -205.353 0 -0 2.65947in cell 180590

Fri May 16 17:12:46 2008[GameMessage]Entity 0 updated its position to -328.429 -28.9939 -205.343 0.1508 -0 5.8644in cell 180590

Fri May 16 17:12:46 2008[GameMessage]Entity 67114411 updated its position to -377.345 54.2187 -205.343 0 -0 2.65947in cell 180590

Fri May 16 17:12:47 2008[GameMessage]Entity 0 updated its position to -328.429 -28.9939 -205.329 0.1508 -0 5.8644in cell 180590

Fri May 16 17:12:47 2008[GameMessage]Entity 67114411 updated its position to -377.345 54.2187 -205.329 0 -0 2.65947in cell 180590

Fri May 16 17:12:47 2008[GameMessage]Entity 0 updated its position to -328.429 -28.9939 -205.316 0.1508 -0 5.8644in cell 180590

Fri May 16 17:12:47 2008[GameMessage]Entity 67114411 updated its position to -377.345 54.2187 -205.316 0 -0 2.65947in cell 180590

Fri May 16 17:12:47 2008[GameMessage]Entity 0 updated its position to -328.429 -28.9939 -205.307 0.1508 -0 5.8644in cell 180590

Fri May 16 17:12:47 2008[GameMessage]Entity 67114411 updated its position to -377.345 54.2187 -205.307 0 -0 2.65947in cell 180590

Fri May 16 17:12:47 2008[GameMessage]Entity 0 updated its position to -328.429 -28.9939 -205.295 0.1508 -0 5.8644in cell 180590

Fri May 16 17:12:47 2008[GameMessage]Entity 67114411 updated its position to -377.345 54.2187 -205.295 0 -0 2.65947in cell 180590

Fri May 16 17:12:47 2008[GameMessage]Entity 0 updated its position to -328.429 -28.9939 -205.287 0.1508 -0 5.8644in cell 180590

Fri May 16 17:12:47 2008[GameMessage]Entity 67114411 updated its position to -377.345 54.2187 -205.287 0 -0 2.65947in cell 180590

Fri May 16 17:12:47 2008[GameMessage]Entity 0 updated its position to -328.429 -28.9939 -205.276 0.1508 -0 5.8644in cell 180590

Fri May 16 17:12:47 2008[GameMessage]Entity 67114411 updated its position to -377.345 54.2187 -205.276 0 -0 2.65947in cell 180590

Fri May 16 17:12:47 2008[GameMessage]Entity 0 updated its position to -328.429 -28.9939 -205.268 0.1508 -0 5.8644in cell 180590

Fri May 16 17:12:47 2008[GameMessage]Entity 67114411 updated its position to -377.345 54.2187 -205.268 0 -0 2.65947in cell 180590

Fri May 16 17:12:53 2008[GameMessage]Entity 0 updated its position to -328.429 -28.9939 -205.258 0.1508 -0 5.8644in cell 180590

Fri May 16 17:12:53 2008[GameMessage]Entity 67114411 updated its position to -377.345 54.2187 -205.258 0 -0 2.65947in cell 180590

Fri May 16 17:12:53 2008[GameMessage]Entity 0 updated its position to -328.429 -28.9939 -205.257 0.1508 -0 5.8644in cell 180590

Fri May 16 17:12:53 2008[GameMessage]Entity 67114411 updated its position to -377.345 54.2187 -205.257 0 -0 2.65947in cell 180590

Fri May 16 17:13:15 2008[GameMessage]New player1joined from address127.0.0.1:2293

Fri May 16 17:13:16 2008[GameMessage]Entity 1 updated its position to -228.78 243.725 -133.625 0.658 -0 4.1668in cell 180590

Fri May 16 17:13:16 2008[GameMessage]Entity 1 updated its position to -228.78 243.725 -133.621 0.656 -0 4.1688in cell 180590

Fri May 16 17:13:16 2008[GameMessage]Entity 1 updated its position to -228.78 243.725 -133.613 0.656 -0 4.1708in cell 180590

Fri May 16 17:13:16 2008[GameMessage]Entity 1 updated its position to -228.78 243.725 -133.602 0.64 -0 4.1868in cell 180590

Fri May 16 17:13:16 2008[GameMessage]Entity 1 updated its position to -228.78 243.725 -133.595 0.628 -0 4.1928in cell 180590

Fri May 16 17:13:16 2008[GameMessage]Entity 1 updated its position to -220.666 248.216 -133.589 0.616 -0 4.2068in cell 180590

Fri May 16 17:13:16 2008[GameMessage]Entity 1 updated its position to -212.526 252.659 -133.584 0.618 -0 4.2128in cell 180590

Fri May 16 17:13:16 2008[GameMessage]Entity 1 updated its position to -204.308 256.954 -133.579 0.618 -0 4.2308in cell 180590

Fri May 16 17:13:16 2008[GameMessage]Entity 1 updated its position to -195.189 261.513 -133.573 0.618 -0 4.2488in cell 180590

Fri May 16 17:13:16 2008[GameMessage]Entity 1 updated its position to -186.268 265.752 -133.569 0.608 -0 4.2688in cell 180590

Fri May 16 17:13:16 2008[GameMessage]Entity 1 updated its position to -179.437 268.832 -134.059 0.596 -0 4.2888in cell 180590

Fri May 16 17:13:17 2008[GameMessage]Entity 1 updated its position to -172.519 271.689 -135.044 0.58 -0 4.3208in cell 180590

Fri May 16 17:13:17 2008[GameMessage]Entity 1 updated its position to -165.301 274.665 -135.571 0.568 -0 4.3328in cell 180590

Fri May 16 17:13:17 2008[GameMessage]Entity 1 updated its position to -158.233 277.568 -136.577 0.55 -0 4.3548in cell 180590

Fri May 16 17:13:17 2008[GameMessage]Entity 1 updated its position to -147.405 281.984 -139.239 0.534 -0 4.3788in cell 180590

Fri May 16 17:13:17 2008[GameMessage]Entity 1 updated its position to -140.217 284.636 -141.49 0.484 -0 4.4588in cell 180590

Fri May 16 17:13:17 2008[GameMessage]Entity 1 updated its position to -129.278 288.236 -146.04 0.438 -0 4.5488in cell 180590

Fri May 16 17:13:17 2008[GameMessage]Entity 1 updated its position to -122.052 290.321 -149.536 0.4 -0 4.6288in cell 180590

Fri May 16 17:13:17 2008[GameMessage]Entity 1 updated its position to -111.094 293.045 -155.974 0.372 -0 4.6688in cell 180590

Fri May 16 17:13:17 2008[GameMessage]Entity 1 updated its position to -103.866 294.56 -160.715 0.362 -0 4.6768in cell 180590

Fri May 16 17:13:17 2008[GameMessage]Entity 1 updated its position to -96.4056 295.844 -166.137 0.362 -0 4.6768in cell 180590

Fri May 16 17:13:17 2008[GameMessage]Entity 1 updated its position to -89.1778 296.824 -171.884 0.362 -0 4.6768in cell 180590

Fri May 16 17:13:17 2008[GameMessage]Entity 1 updated its position to -81.8628 297.782 -178.125 0.36 -0 4.6788in cell 180590

Fri May 16 17:13:17 2008[GameMessage]Entity 1 updated its position to -71.1254 298.802 -188.726 0.358 -0 4.6788in cell 180590

Fri May 16 17:13:17 2008[GameMessage]Entity 1 updated its position to -64.2684 299.197 -196.213 0.358 -0 4.6788in cell 180590

Fri May 16 17:13:17 2008[GameMessage]Entity 1 updated its position to -57.4114 299.593 -203.7 0.358 -0 4.6788in cell 180590

Fri May 16 17:13:17 2008[GameMessage]Entity 1 updated its position to -57.0185 287.901 -205.043 0.358 -0 4.6788in cell 180590

Fri May 16 17:13:17 2008[GameMessage]Entity 1 updated its position to -56.751 279.941 -205.043 0.358 -0 4.6788in cell 180590

Fri May 16 17:13:17 2008[GameMessage]Entity 1 updated its position to -56.3664 268.497 -205.043 0.358 -0 4.6788in cell 180590

Fri May 16 17:13:17 2008[GameMessage]Entity 1 updated its position to -56.0989 260.537 -205.043 0.358 -0 4.6788in cell 180590

Fri May 16 17:13:17 2008[GameMessage]Entity 1 updated its position to -55.7318 252.83 -205.043 0.34 -0 4.6648in cell 180590

Fri May 16 17:13:17 2008[GameMessage]Entity 1 updated its position to -54.8418 245.165 -205.043 0.278 -0 4.5968in cell 180590

Fri May 16 17:13:17 2008[GameMessage]Entity 1 updated its position to -52.0884 233.795 -205.043 0.218 -0 4.4748in cell 180590

Fri May 16 17:13:17 2008[GameMessage]Entity 1 updated its position to -49.8555 226.409 -205.043 0.214 -0 4.4188in cell 180590

Fri May 16 17:13:17 2008[GameMessage]Entity 1 updated its position to -47.4288 218.823 -205.043 0.214 -0 4.4028in cell 180590

Fri May 16 17:13:17 2008[GameMessage]Entity 1 updated its position to -45.5368 212.908 -205.043 0.214 -0 4.4028in cell 180590

Fri May 16 17:13:17 2008[GameMessage]Entity 1 updated its position to -45.0005 211.232 -205.043 0.214 -0 4.4028in cell 180590

Fri May 16 17:13:18 2008[GameMessage]Entity 1 updated its position to -45.0005 211.232 -205.043 0.212 -0 4.4028in cell 180590

Fri May 16 17:13:44 2008[GameMessage]Entity 1 updated its position to -45.0005 211.232 -205.043 0.198 -0 4.3768in cell 180590

Fri May 16 17:13:44 2008[GameMessage]Entity 1 updated its position to -45.0005 211.232 -205.043 0.16 -0 4.2828in cell 180590

Fri May 16 17:13:44 2008[GameMessage]Entity 1 updated its position to -45.0005 211.232 -205.043 0.134 -0 4.2248in cell 180590

Fri May 16 17:13:44 2008[GameMessage]Entity 1 updated its position to -45.0005 211.232 -205.043 0.088 -0 4.1408in cell 180590

Fri May 16 17:13:44 2008[GameMessage]Entity 1 updated its position to -45.0005 211.232 -205.043 0.026 -0 4.0568in cell 180590

Fri May 16 17:13:44 2008[GameMessage]Entity 1 updated its position to -45.0005 211.232 -205.043 -0.01 -0 4.0068in cell 180590

Fri May 16 17:13:44 2008[GameMessage]Entity 1 updated its position to -45.0005 211.232 -205.043 -0.038 -0 3.9668in cell 180590

Fri May 16 17:13:44 2008[GameMessage]Entity 1 updated its position to -45.0005 211.232 -205.043 -0.042 -0 3.9608in cell 180590

Fri May 16 17:13:44 2008[GameMessage]Entity 1 updated its position to -45.0005 211.232 -205.043 -0.034 -0 3.9668in cell 180590

Fri May 16 17:13:44 2008[GameMessage]Entity 1 updated its position to -45.0005 211.232 -205.043 -3.35276e-008 -0 3.9688in cell 180590

Fri May 16 17:13:44 2008[GameMessage]Entity 1 updated its position to -45.0005 211.232 -205.043 0.024 -0 3.9628in cell 180590

Fri May 16 17:13:44 2008[GameMessage]Entity 1 updated its position to -45.0005 211.232 -205.043 0.072 -0 3.9468in cell 180590

Fri May 16 17:13:44 2008[GameMessage]Entity 1 updated its position to -45.0005 211.232 -205.043 0.15 -0 3.9428in cell 180590

Fri May 16 17:13:44 2008[GameMessage]Entity 1 updated its position to -45.0005 211.232 -205.043 0.288 -0 3.9528in cell 180590

Fri May 16 17:13:44 2008[GameMessage]Entity 1 updated its position to -45.0005 211.232 -205.043 0.344 -0 3.9908in cell 180590

Fri May 16 17:13:44 2008[GameMessage]Entity 1 updated its position to -45.0005 211.232 -205.043 0.376 -0 4.0488in cell 180590

Fri May 16 17:13:44 2008[GameMessage]Entity 1 updated its position to -45.0005 211.232 -205.043 0.388 -0 4.1088in cell 180590

Fri May 16 17:13:44 2008[GameMessage]Entity 1 updated its position to -45.0005 211.232 -205.043 0.388 -0 4.1208in cell 180590

Fri May 16 17:13:44 2008[GameMessage]Entity 1 updated its position to -45.0005 211.232 -205.043 0.386 -0 4.1208in cell 180590

Fri May 16 17:13:53 2008[GameMessage]Entity 1 updated its position to -36.8025 216.74 -205.043 0.386 -0 4.1208in cell 180590

Fri May 16 17:13:54 2008[GameMessage]Entity 1 updated its position to -28.6045 222.248 -205.043 0.386 -0 4.1208in cell 180590

Fri May 16 17:13:54 2008[GameMessage]Entity 1 updated its position to -20.4065 227.756 -205.043 0.386 -0 4.1208in cell 180590

Fri May 16 17:13:54 2008[GameMessage]Entity 1 updated its position to -11.944 233.441 -205.043 0.386 -0 4.1208in cell 180590

Fri May 16 17:13:54 2008[GameMessage]Entity 1 updated its position to -3.74603 238.949 -205.043 0.386 -0 4.1208in cell 180590

Fri May 16 17:13:54 2008[GameMessage]Entity 1 updated its position to 4.45194 244.457 -205.043 0.386 -0 4.1208in cell 180590

Fri May 16 17:13:54 2008[GameMessage]Entity 1 updated its position to 16.8812 252.808 -205.043 0.386 -0 4.1208in cell 180590

Fri May 16 17:13:54 2008[GameMessage]Entity 1 updated its position to 25.0792 258.316 -205.043 0.386 -0 4.1208in cell 180590

Fri May 16 17:13:54 2008[GameMessage]Entity 1 updated its position to 37.5085 266.667 -205.043 0.386 -0 4.1208in cell 180590

Fri May 16 17:13:54 2008[GameMessage]Entity 1 updated its position to 45.7064 272.175 -205.043 0.386 -0 4.1208in cell 180590

Fri May 16 17:13:54 2008[GameMessage]Entity 1 updated its position to 58.1357 280.526 -205.043 0.386 -0 4.1208in cell 180590

Fri May 16 17:13:54 2008[GameMessage]Entity 1 updated its position to 66.3337 286.034 -205.043 0.386 -0 4.1208in cell 180590

Fri May 16 17:13:54 2008[GameMessage]Entity 1 updated its position to 73.2924 290.709 -205.043 0.386 -0 4.1208in cell 180590

Fri May 16 17:13:54 2008[GameMessage]Entity 1 updated its position to 74.1164 291.263 -205.043 0.386 -0 4.1208in cell 180590

Fri May 16 17:13:54 2008[GameMessage]Entity 1 updated its position to 74.642 291.616 -196.922 0.386 -0 4.1208in cell 180590

Fri May 16 17:13:54 2008[GameMessage]Entity 1 updated its position to 75.1502 291.957 -189.296 0.386 -0 4.1208in cell 180590

Fri May 16 17:13:54 2008[GameMessage]Entity 1 updated its position to 75.8953 292.458 -178.871 0.386 -0 4.1208in cell 180590

Fri May 16 17:13:54 2008[GameMessage]Entity 1 updated its position to 76.3705 292.777 -172.49 0.386 -0 4.1208in cell 180590

Fri May 16 17:13:54 2008[GameMessage]Entity 1 updated its position to 77.0672 293.245 -163.954 0.386 -0 4.1208in cell 180590

Fri May 16 17:13:54 2008[GameMessage]Entity 1 updated its position to 77.5267 293.554 -158.323 0.386 -0 4.1208in cell 180590

Fri May 16 17:13:54 2008[GameMessage]Entity 1 updated its position to 77.5267 293.554 -159.461 0.386 -0 4.1208in cell 180590

Fri May 16 17:13:54 2008[GameMessage]Entity 1 updated its position to 77.5267 293.554 -159.956 0.386 -0 4.1208in cell 180590

Fri May 16 17:13:54 2008[GameMessage]Entity 1 updated its position to 77.5267 293.554 -161.093 0.386 -0 4.1208in cell 180590

Fri May 16 17:13:54 2008[GameMessage]Entity 1 updated its position to 77.5267 293.554 -161.621 0.386 -0 4.1208in cell 180590

Fri May 16 17:13:54 2008[GameMessage]Entity 1 updated its position to 77.5267 293.554 -162.71 0.386 -0 4.1208in cell 180590

Fri May 16 17:13:54 2008[GameMessage]Entity 1 updated its position to 77.5267 293.554 -163.238 0.386 -0 4.1208in cell 180590

Fri May 16 17:13:54 2008[GameMessage]Entity 1 updated its position to 77.5267 293.554 -164.375 0.386 -0 4.1208in cell 180590

Fri May 16 17:13:55 2008[GameMessage]Entity 1 updated its position to 77.5267 293.554 -164.87 0.386 -0 4.1208in cell 180590

Fri May 16 17:13:55 2008[GameMessage]Entity 1 updated its position to 77.5267 293.554 -166.007 0.386 -0 4.1208in cell 180590

Fri May 16 17:13:55 2008[GameMessage]Entity 1 updated its position to 77.5267 293.554 -166.502 0.386 -0 4.1208in cell 180590

Fri May 16 17:13:55 2008[GameMessage]Entity 1 updated its position to 77.5267 293.554 -166.997 0.386 -0 4.1208in cell 180590

Fri May 16 17:13:55 2008[GameMessage]Entity 1 updated its position to 75.5785 283.165 -168.885 0.386 -0 4.1208in cell 180590

Fri May 16 17:13:55 2008[GameMessage]Entity 1 updated its position to 74.0653 276.356 -169.38 0.386 -0 4.1208in cell 180590

Fri May 16 17:13:55 2008[GameMessage]Entity 1 updated its position to 70.5419 262.608 -172.429 0.386 -0 4.1208in cell 180590

Fri May 16 17:13:55 2008[GameMessage]Entity 1 updated its position to 68.5948 255.884 -174.425 0.386 -0 4.1208in cell 180590

Fri May 16 17:13:55 2008[GameMessage]Entity 1 updated its position to 65.33 245.751 -178.588 0.386 -0 4.1208in cell 180590

Fri May 16 17:13:55 2008[GameMessage]Entity 1 updated its position to 63.185 238.968 -181.828 0.386 -0 4.1208in cell 180590

Fri May 16 17:13:55 2008[GameMessage]Entity 1 updated its position to 61.0479 232.089 -185.564 0.386 -0 4.1208in cell 180590

Fri May 16 17:13:55 2008[GameMessage]Entity 1 updated its position to 58.8499 224.893 -189.947 0.386 -0 4.1208in cell 180590

Fri May 16 17:13:55 2008[GameMessage]Entity 1 updated its position to 55.633 214.187 -197.523 0.386 -0 4.1208in cell 180590

Fri May 16 17:13:55 2008[GameMessage]Entity 1 updated its position to 53.5112 207.125 -202.519 0.386 -0 4.1208in cell 180590

Fri May 16 17:13:55 2008[GameMessage]Entity 1 updated its position to 51.6091 197.434 -205.042 0.386 -0 4.1208in cell 180590

Fri May 16 17:13:55 2008[GameMessage]Entity 1 updated its position to 49.707 187.742 -205.042 0.386 -0 4.1208in cell 180590

Fri May 16 17:13:55 2008[GameMessage]Entity 1 updated its position to 47.7436 177.738 -205.042 0.386 -0 4.1208in cell 180590

Fri May 16 17:13:55 2008[GameMessage]Entity 1 updated its position to 39.5456 172.23 -205.042 0.386 -0 4.1208in cell 180590

Fri May 16 17:13:55 2008[GameMessage]Entity 1 updated its position to 43.8487 165.826 -205.042 0.386 -0 4.1208in cell 180590

Fri May 16 17:14:11 2008[GameMessage]Entity 0 updated its position to -328.429 -28.9939 -205.257 0.1612 -0 5.8644in cell 180590

Fri May 16 17:14:11 2008[GameMessage]Entity 0 updated its position to -328.429 -28.9939 -205.257 0.2132 -0 5.906in cell 180590

Fri May 16 17:14:11 2008[GameMessage]Entity 0 updated its position to -328.429 -28.9939 -205.257 0.234 -0 5.9476in cell 180590

Fri May 16 17:14:11 2008[GameMessage]Entity 0 updated its position to -328.429 -28.9939 -205.257 0.234 -0 5.9164in cell 180590

Fri May 16 17:14:11 2008[GameMessage]Entity 0 updated its position to -328.429 -28.9939 -205.257 0.2392 -0 5.9112in cell 180590

Fri May 16 17:14:11 2008[GameMessage]Entity 0 updated its position to -328.429 -28.9939 -205.257 0.2392 -0 5.9164in cell 180590

Fri May 16 17:14:11 2008[GameMessage]Entity 0 updated its position to -328.429 -28.9939 -205.257 0.2444 -0 6.0412in cell 180590

Fri May 16 17:14:11 2008[GameMessage]Entity 0 updated its position to -328.429 -28.9939 -205.257 0.2496 -0 6.1452in cell 180590

Fri May 16 17:14:12 2008[GameMessage]Entity 0 updated its position to -328.429 -28.9939 -205.257 0.2548 -0 6.2232in cell 180590

Fri May 16 17:14:12 2008[GameMessage]Entity 0 updated its position to -328.429 -28.9939 -205.257 0.2548 -0 6.2388in cell 180590

Fri May 16 17:14:12 2008[GameMessage]Entity 0 updated its position to -328.429 -28.9939 -205.257 0.2548 -0 0.200012in cell 180590

Fri May 16 17:14:22 2008[GameMessage]Entity 0 updated its position to -328.429Entity  0-28.9939 updated its position to  -311.375-205.257  -30.71910.2964  -205.247-0  0.37440.626412 in cell -0180590 
1.67161in cell 180590
Fri May 16 17:14:22 2008[GameMessage]Entity 0 updated its position to -328.429Entity  0-28.9939 updated its position to  -311.375-205.257  -30.71910.2964  -205.247-0  0.37440.626412 in cell -0180590 
1.67161in cell 180590

Fri May 16 17:14:22 2008[GameMessage]Entity 0 updated its position to -328.429 -28.9939 -205.257 0.3744 -0 1.58321in cell 180590

Fri May 16 17:15:02 2008[GameMessage]Entity 0 updated its position to -82.56 176.796 -128.726 0.1664 -0 6.14in cell 180590

Fri May 16 17:15:06 2008[GameMessage]Entity 0 updated its position to -305.572 -31.3308 -200.401 0.3796 -0 1.71841in cell 180590

Fri May 16 17:15:06 2008[GameMessage]Entity 0 updated its position to -294.341 -32.6007 -191.506 0.3848 -0 1.76001in cell 180590

Fri May 16 17:15:06 2008[GameMessage]Entity 0 updated its position to -283.124 -33.9581 -183.105 0.3848 -0 1.77041in cell 180590

Fri May 16 17:15:06 2008[GameMessage]Entity 0 updated its position to -283.124 -33.9581 -183.105 0.3848 -0 1.77041in cell 180590
Entity 0 updated its position to -207.684 -114.879 -205.043 0.1664 -0 6.14in cell 180590

Fri May 16 17:15:06 2008[GameMessage]Entity 0 updated its position to -281.623 -34.7102 -178.901 0.3848 -0 1.77041in cell 180590

Fri May 16 17:15:06 2008[GameMessage]Entity 0 updated its position to -281.622 -35.4536 -175.076 0.3848 -0 1.77041in cell 180590

Fri May 16 17:15:06 2008[GameMessage]Entity 0 updated its position to -281.524 -36.3176 -171.128 0.3848 -0 1.77041in cell 180590

Fri May 16 17:15:06 2008[GameMessage]Entity 0 updated its position to -281.123 -38.1887 -163.973 0.3848 -0 1.76521in cell 180590

Fri May 16 17:15:06 2008[GameMessage]Entity 0 updated its position to -280.928 -39.1568 -160.28 0.39 -0 1.76001in cell 180590

Fri May 16 17:15:06 2008[GameMessage]Entity 0 updated its position to -276.585 -39.9885 -156.718 0.39 -0 1.76001in cell 180590

Fri May 16 17:15:06 2008[GameMessage]Entity 0 updated its position to -272.514 -40.7682 -153.496 0.39 -0 1.76001in cell 180590

Fri May 16 17:15:06 2008[GameMessage]Entity 0 updated its position to -268.913 -41.809 -149.551 0.39 -0 1.76001in cell 180590

Fri May 16 17:15:06 2008[GameMessage]Entity 0 updated its position to -262.566 -43.9331 -139.746 0.39 -0 1.76001in cell 180590

Fri May 16 17:15:06 2008[GameMessage]Entity 0 updated its position to -258.22 -44.8831 -134.818 0.416 -0 1.78601in cell 180590

Fri May 16 17:15:06 2008[GameMessage]Entity 0 updated its position to -254.18 -45.9443 -130.313 0.4316 -0 1.82761in cell 180590

Fri May 16 17:15:06 2008[GameMessage]Entity 0 updated its position to -249.511 -47.2747 -125.64 0.4368 -0 1.84841in cell 180590

Fri May 16 17:15:06 2008[GameMessage]Entity 0 updated its position to -245.262 -48.5574 -121.099 0.442 -0 1.86401in cell 180590

Fri May 16 17:15:06 2008[GameMessage]Entity 0 updated its position to -241.279 -49.76 -116.958 0.442 -0 1.86401in cell 180590

Fri May 16 17:15:06 2008[GameMessage]Entity 0 updated its position to -236.91 -51.0765 -117.09 0.442 -0 1.85881in cell 180590

Fri May 16 17:15:06 2008[GameMessage]Entity 0 updated its position to -232.707 -52.3296 -117.329 0.4472 -0 1.83801in cell 180590

Fri May 16 17:15:06 2008[GameMessage]Entity 0 updated its position to -232.42 -52.4136 -117.346 0.4524 -0 1.81721in cell 180590

Fri May 16 17:15:06 2008[GameMessage]Entity 0 updated its position to -227.726 -53.7251 -117.741 0.4472 -0 1.73921in cell 180590

Fri May 16 17:15:06 2008[GameMessage]Entity 0 updated its position to -218.44 -56.1556 -119.002 0.442 -0 1.68721in cell 180590

Fri May 16 17:15:06 2008[GameMessage]Entity 0 updated its position to -213.553 -57.2928 -119.785 0.4264 -0 1.56241in cell 180590

Fri May 16 17:15:06 2008[GameMessage]Entity 0 updated its position to -208.586 -58.2605 -120.699 0.4264 -0 1.44281in cell 180590

Fri May 16 17:15:06 2008[GameMessage]Entity 0 updated its position to -194.036 -59.9773 -124.179 0.4524 -0 1.23481in cell 180590

Fri May 16 17:15:06 2008[GameMessage]Entity 0 updated its position to -188.95 -60.2106 -125.604 0.4576 -0 1.09961in cell 180590

Fri May 16 17:15:06 2008[GameMessage]Entity 0 updated its position to -179.121 -60.0818 -128.861 0.4576 -0 1.01121in cell 180590

Fri May 16 17:15:06 2008[GameMessage]Entity 0 updated its position to -174.082 -59.7087 -130.674 0.4524 -0 0.933212in cell 180590

Fri May 16 17:15:06 2008[GameMessage]Entity 0 updated its position to -164.437 -58.3754 -134.68 0.4472 -0 0.844812in cell 180590

Fri May 16 17:15:06 2008[GameMessage]Entity 0 updated its position to -159.531 -57.3824 -136.88 0.442 -0 0.798012in cell 180590

Fri May 16 17:15:06 2008[GameMessage]Entity 0 updated its position to -150.202 -54.8738 -141.637 0.4316 -0 0.730412in cell 180590

Fri May 16 17:15:06 2008[GameMessage]Entity 0 updated its position to -145.489 -53.2884 -144.225 0.4212 -0 0.683612in cell 180590

Fri May 16 17:15:06 2008[GameMessage]Entity 0 updated its position to -136.582 -49.6688 -149.732 0.4108 -0 0.626412in cell 180590

Fri May 16 17:15:06 2008[GameMessage]Entity 0 updated its position to -127.902 -45.5353 -155.734 0.4056 -0 0.600412in cell 180590

Fri May 16 17:15:06 2008[GameMessage]Entity 0 updated its position to -123.538 -43.1545 -158.964 0.4004 -0 0.579612in cell 180590

Fri May 16 17:15:07 2008[GameMessage]Entity 0 updated its position to -115.303 -38.0941 -165.717 0.3848 -0 0.558812in cell 180590

Fri May 16 17:15:07 2008[GameMessage]Entity 0 updated its position to -111.183 -35.2568 -169.334 0.3588 -0 0.501612in cell 180590

Fri May 16 17:15:07 2008[GameMessage]Entity 0 updated its position to -103.496 -29.3289 -176.837 0.3276 -0 0.428812in cell 180590

Fri May 16 17:15:07 2008[GameMessage]Entity 0 updated its position to -96.1559 -22.9771 -184.834 0.2912 -0 0.345612in cell 180590

Fri May 16 17:15:07 2008[GameMessage]Entity 0 updated its position to -85.6287 -12.7238 -198.098 0.2496 -0 0.262412in cell 180590

Fri May 16 17:15:07 2008[GameMessage]Entity 0 updated its position to -78.6852 -5.96097 -205.043 0.2132 -0 0.174012in cell 180590

Fri May 16 17:15:07 2008[GameMessage]Entity 0 updated its position to -76.964 5.58235 -205.043 0.2028 -0 0.148012in cell 180590

Fri May 16 17:15:07 2008[GameMessage]Entity 0 updated its position to -74.5629 28.0619 -205.043 0.182 -0 0.0856116in cell 180590

Fri May 16 17:15:07 2008[GameMessage]Entity 0 updated its position to -74.3004 39.3651 -205.043 0.1716 -0 0.0232116in cell 180590

Fri May 16 17:15:07 2008[GameMessage]Entity 0 updated its position to -75.1024 62.3281 -195.892 0.156 -0 6.2284in cell 180590

Fri May 16 17:15:07 2008[GameMessage]Entity 0 updated its position to -75.5534 73.6242 -187.236 0.156 -0 6.2024in cell 180590

Fri May 16 17:15:07 2008[GameMessage]Entity 0 updated its position to -76.0722 84.9154 -179.075 0.1612 -0 6.1764in cell 180590

Fri May 16 17:15:07 2008[GameMessage]Entity 0 updated its position to -76.6933 96.5637 -171.178 0.1664 -0 6.1556in cell 180590

Fri May 16 17:15:07 2008[GameMessage]Entity 0 updated its position to -77.386 107.84 -164.023 0.1664 -0 6.14in cell 180590

Fri May 16 17:15:07 2008[GameMessage]Entity 0 updated its position to -77.7612 113.292 -160.677 0.1664 -0 6.14in cell 180590

Fri May 16 17:15:07 2008[GameMessage]Entity 0 updated its position to -78.6396 124.916 -154.065 0.1664 -0 6.14in cell 180590

Fri May 16 17:15:07 2008[GameMessage]Entity 0 updated its position to -81.2568 159.55 -136.163 0.1664 -0 6.14in cell 180590

Fri May 16 17:15:07 2008[GameMessage]Entity 0 updated its position to -82.5788 177.045 -128.609 0.1664 -0 6.14in cell 180590

Fri May 16 17:15:07 2008[GameMessage]Entity 0 updated its position to -83.1098 184.073 -125.46 0.1664 -0 6.14in cell 180590

Fri May 16 17:15:07 2008[GameMessage]Entity 0 updated its position to -83.799 193.193 -121.569 0.1664 -0 6.14in cell 180590

Fri May 16 17:15:07 2008[GameMessage]Entity 0 updated its position to -84.0055 195.926 -120.463 0.1664 -0 6.14in cell 180590

Fri May 16 17:15:07 2008[GameMessage]Entity 0 updated its position to -84.1817 198.258 -119.542 0.1664 -0 6.14in cell 180590

Fri May 16 17:15:07 2008[GameMessage]Entity 0 updated its position to -84.6688 204.703 -117.539 0.1664 -0 6.14in cell 180590

Fri May 16 17:15:07 2008[GameMessage]Entity 0 updated its position to -84.9432 208.334 -116.881 0.1664 -0 6.14in cell 180590

Fri May 16 17:15:07 2008[GameMessage]Entity 0 updated its position to -85.0721 210.04 -116.673 0.1664 -0 6.14in cell 180590

Fri May 16 17:15:07 2008[GameMessage]Entity 67114411 updated its position to -377.345 54.2187 -205.257 0 -0 2.60921in cell 180590

Fri May 16 17:15:07 2008[GameMessage]Entity 0 updated its position to -85.2993 213.047 -116.766 0.1664 -0 6.14in cell 180590

Fri May 16 17:15:07 2008[GameMessage]Entity 67114411 updated its position to -377.345 54.2187 -205.257 0 -0 2.51182in cell 180590

Fri May 16 17:15:07 2008[GameMessage]Entity 0 updated its position to -85.5942 216.949 -117.788 0.1664 -0 6.14in cell 180590

Fri May 16 17:15:07 2008[GameMessage]Entity 67114411 updated its position to -377.345 54.2187 -205.257 0 -0 2.36416in cell 180590

Fri May 16 17:15:07 2008[GameMessage]Entity 0 updated its position to -85.6826 218.119 -118.354 0.1664 -0 6.14in cell 180590

Fri May 16 17:15:07 2008[GameMessage]Entity 67114411 updated its position to -377.345 54.2187 -205.257 0 -0 2.3139in cell 180590

Fri May 16 17:15:07 2008[GameMessage]Entity 0 updated its position to -85.758 219.117 -119.001 0.1664 -0 6.14in cell 180590

Fri May 16 17:15:07 2008[GameMessage]Entity 67114411 updated its position to -377.345 54.2187 -205.257 0 -0 2.26677in cell 180590

Fri May 16 17:15:07 2008[GameMessage]Entity 0 updated its position to -85.9668 221.88 -121.92 0.1664 -0 6.14in cell 180590

Fri May 16 17:15:07 2008[GameMessage]Entity 67114411 updated its position to -377.345 54.2187 -205.257 0 -0 2.11912in cell 180590

Fri May 16 17:15:07 2008[GameMessage]Entity 0 updated its position to -86.0274 222.682 -123.129 0.1664 -0 6.14in cell 180590

Fri May 16 17:15:07 2008[GameMessage]Entity 67114411 updated its position to -377.345 54.2187 -205.257 0 -0 2.06885in cell 180590

Fri May 16 17:15:07 2008[GameMessage]Entity 0 updated its position to -86.1343 224.097 -125.967 0.1664 -0 6.14in cell 180590

Fri May 16 17:15:07 2008[GameMessage]Entity 67114411 updated its position to -377.345 54.2187 -205.257 0 -0 1.97146in cell 180590

Fri May 16 17:15:07 2008[GameMessage]Entity 0 updated its position to -86.1845 224.761 -127.564 0.1664 -0 6.14in cell 180590

Fri May 16 17:15:07 2008[GameMessage]Entity 67114411 updated its position to -377.345 54.2187 -205.257 0 -0 1.9212in cell 180590

Fri May 16 17:15:07 2008[GameMessage]Entity 0 updated its position to -86.2273 225.327 -129.176 0.1664 -0 6.14in cell 180590

Fri May 16 17:15:07 2008[GameMessage]Entity 67114411 updated its position to -377.345 54.2187 -205.257 0 -0 1.87407in cell 180590

Fri May 16 17:15:07 2008[GameMessage]Entity 0 updated its position to -86.3459 226.897 -135.12 0.1664 -0 6.14in cell 180590

Fri May 16 17:15:07 2008[GameMessage]Entity 67114411 updated its position to -377.345 54.2187 -205.257 0 -0 1.72642in cell 180590

Fri May 16 17:15:07 2008[GameMessage]Entity 0 updated its position to -86.3803 227.352 -137.359 0.1664 -0 6.14in cell 180590

Fri May 16 17:15:07 2008[GameMessage]Entity 67114411 updated its position to -377.345 54.2187 -205.257 0 -0 1.67615in cell 180590

Fri May 16 17:15:07 2008[GameMessage]Entity 0 updated its position to -86.441 228.155 -142.192 0.1664 -0 6.14in cell 180590

Fri May 16 17:15:07 2008[GameMessage]Entity 67114411 updated its position to -377.345 54.2187 -205.257 0 -0 1.57876in cell 180590

Fri May 16 17:15:07 2008[GameMessage]Entity 0 updated its position to -86.4938 228.854 -147.397 0.1664 -0 6.14in cell 180590

Fri May 16 17:15:07 2008[GameMessage]Entity 67114411 updated its position to -377.345 54.2187 -205.257 0 -0 1.48137in cell 180590

Fri May 16 17:15:07 2008[GameMessage]Entity 0 updated its position to -86.5395 229.459 -153.22 0.1664 -0 6.14in cell 180590

Fri May 16 17:15:07 2008[GameMessage]Entity 67114411 updated its position to -377.345 54.2187 -205.257 0 -0 1.38398in cell 180590

Fri May 16 17:15:07 2008[GameMessage]Entity 0 updated its position to -86.561 229.744 -156.358 0.1664 -0 6.14in cell 180590

Fri May 16 17:15:07 2008[GameMessage]Entity 67114411 updated its position to -377.345 54.2187 -205.257 0 -0 1.33372in cell 180590

Fri May 16 17:15:07 2008[GameMessage]Entity 0 updated its position to -86.5806 230.002 -159.627 0.1664 -0 6.14in cell 180590

Fri May 16 17:15:07 2008[GameMessage]Entity 67114411 updated its position to -377.345 54.2187 -205.257 0 -0 1.28345in cell 180590

Fri May 16 17:15:07 2008[GameMessage]Entity 0 updated its position to -86.6312 230.672 -170.112 0.1664 -0 6.14in cell 180590

Fri May 16 17:15:07 2008[GameMessage]Entity 0 updated its position to -86.645 230.855 -173.656 0.1664 -0 6.14in cell 180590

Fri May 16 17:15:07 2008[GameMessage]Entity 0 updated its position to -86.671 231.199 -181.475 0.1664 -0 6.14in cell 180590

Fri May 16 17:15:07 2008[GameMessage]Entity 0 updated its position to -86.6832 231.36 -185.642 0.1664 -0 6.14in cell 180590

Fri May 16 17:15:07 2008[GameMessage]Entity 0 updated its position to -86.6949 231.515 -190.21 0.1664 -0 6.14in cell 180590

Fri May 16 17:15:07 2008[GameMessage]Entity 0 updated its position to -86.7041 231.637 -194.649 0.1664 -0 6.14in cell 180590

Fri May 16 17:15:07 2008[GameMessage]Entity 0 updated its position to -86.7127 231.751 -198.811 0.1664 -0 6.14in cell 180590

Fri May 16 17:15:07 2008[GameMessage]Entity 0 updated its position to -86.7127 231.751 -199.339 0.1664 -0 6.14in cell 180590

Fri May 16 17:15:07 2008[GameMessage]Entity 0 updated its position to -86.7127 231.751 -199.454 0.1664 -0 6.14in cell 180590

Fri May 16 17:15:07 2008[GameMessage]Entity 0 updated its position to -86.7127 231.751 -200.081 0.1664 -0 6.14in cell 180590

Fri May 16 17:15:07 2008[GameMessage]Entity 0 updated its position to -86.7127 231.751 -200.213 0.1664 -0 6.14in cell 180590

Fri May 16 17:15:07 2008[GameMessage]Entity 0 updated its position to -86.7127 231.751 -200.329 0.1664 -0 6.14in cell 180590

Fri May 16 17:15:07 2008[GameMessage]Entity 0 updated its position to -86.7127 231.751 -200.972 0.1664 -0 6.14in cell 180590

Fri May 16 17:15:07 2008[GameMessage]Entity 0 updated its position to -86.7127 231.751 -201.104 0.1664 -0 6.14in cell 180590

Fri May 16 17:15:07 2008[GameMessage]Entity 0 updated its position to -86.7127 231.751 -201.599 0.1664 -0 6.14in cell 180590

Fri May 16 17:15:07 2008[GameMessage]Entity 0 updated its position to -86.7127 231.751 -202.093 0.1664 -0 6.14in cell 180590

Fri May 16 17:15:07 2008[GameMessage]Entity 0 updated its position to -86.7127 231.751 -202.72 0.1664 -0 6.14in cell 180590

Fri May 16 17:15:07 2008[GameMessage]Entity 0 updated its position to -86.4399 229.859 -203.107 0.1664 -0 6.14in cell 180590

Fri May 16 17:15:07 2008[GameMessage]Entity 0 updated its position to -85.9113 226.193 -204.353 0.1664 -0 6.14in cell 180590

Fri May 16 17:15:07 2008[GameMessage]Entity 0 updated its position to -85.1099 220.634 -205.043 0.1664 -0 6.14in cell 180590

Fri May 16 17:15:07 2008[GameMessage]Entity 0 updated its position to -84.8371 218.742 -205.043 0.1664 -0 6.14in cell 180590

Fri May 16 17:15:07 2008[GameMessage]Entity 0 updated its position to -84.5813 216.968 -205.043 0.1664 -0 6.14in cell 180590

Fri May 16 17:15:07 2008[GameMessage]Entity 0 updated its position to -84.0527 213.301 -205.043 0.1664 -0 6.14in cell 180590

Fri May 16 17:15:07 2008[GameMessage]Entity 0 updated its position to -83.2513 207.743 -205.043 0.1664 -0 6.14in cell 180590

Fri May 16 17:15:07 2008[GameMessage]Entity 0 updated its position to -82.9785 205.851 -205.043 0.1664 -0 6.14in cell 180590

Fri May 16 17:15:07 2008[GameMessage]Entity 0 updated its position to -82.4499 202.184 -205.043 0.1664 -0 6.14in cell 180590

Fri May 16 17:15:07 2008[GameMessage]Entity 0 updated its position to -81.6485 196.626 -205.043 0.1664 -0 6.14in cell 180590

Fri May 16 17:15:07 2008[GameMessage]Entity 0 updated its position to -81.1199 192.96 -205.043 0.1664 -0 6.14in cell 180590

Fri May 16 17:15:07 2008[GameMessage]Entity 0 updated its position to -80.3015 187.283 -205.043 0.1664 -0 6.14in cell 180590

Fri May 16 17:15:07 2008[GameMessage]Entity 0 updated its position to -79.7729 183.617 -205.043 0.1664 -0 6.14in cell 180590

Fri May 16 17:15:07 2008[GameMessage]Entity 0 updated its position to -79.5001 181.724 -205.043 0.1664 -0 6.14in cell 180590

Fri May 16 17:15:07 2008[GameMessage]Entity 0 updated its position to -78.9715 178.058 -205.043 0.1664 -0 6.14in cell 180590

Fri May 16 17:15:07 2008[GameMessage]Entity 0 updated its position to -78.9715 178.058 -205.043 0.1664 -0 6.14in cell 180590
Entity 0 updated its position to -241.319 74.7086 -97.9078 0.1664 -0 6.14in cell 180590

Fri May 16 17:15:07 2008[GameMessage]Entity 0 updated its position to -78.1701 172.5 -205.043 0.1664 -0 6.14in cell 180590

Fri May 16 17:15:07 2008[GameMessage]Entity 0 updated its position to -77.6415 168.833 -205.043 0.1664 -0 6.14in cell 180590

Fri May 16 17:15:07 2008[GameMessage]Entity 0 updated its position to -77.3687 166.941 -205.043 0.1664 -0 6.14in cell 180590

Fri May 16 17:15:07 2008[GameMessage]Entity 0 updated its position to -76.3115 159.609 -205.043 0.1664 -0 6.14in cell 180590

Fri May 16 17:15:07 2008[GameMessage]Entity 0 updated its position to -76.0387 157.716 -205.043 0.1664 -0 6.14in cell 180590

Fri May 16 17:15:07 2008[GameMessage]Entity 0 updated its position to -75.5101 154.05 -205.043 0.1664 -0 6.14in cell 180590

Fri May 16 17:15:07 2008[GameMessage]Entity 0 updated its position to -74.7087 148.492 -205.043 0.1664 -0 6.14in cell 180590

Fri May 16 17:15:07 2008[GameMessage]Entity 0 updated its position to -74.4529 146.718 -205.043 0.1664 -0 6.14in cell 180590

Fri May 16 17:15:07 2008[GameMessage]Entity 0 updated its position to -73.9073 142.933 -205.043 0.1664 -0 6.14in cell 180590

Fri May 16 17:15:07 2008[GameMessage]Entity 0 updated its position to -73.1059 137.374 -205.043 0.1664 -0 6.14in cell 180590

Fri May 16 17:15:07 2008[GameMessage]Entity 0 updated its position to -72.5773 133.708 -205.043 0.1664 -0 6.14in cell 180590

Fri May 16 17:15:07 2008[GameMessage]Entity 0 updated its position to -71.7759 128.15 -205.043 0.1664 -0 6.14in cell 180590

Fri May 16 17:15:07 2008[GameMessage]Entity 0 updated its position to -71.2473 124.483 -205.043 0.1664 -0 6.14in cell 180590

Fri May 16 17:15:07 2008[GameMessage]Entity 0 updated its position to -70.7187 120.817 -205.043 0.1664 -0 6.14in cell 180590

Fri May 16 17:15:07 2008[GameMessage]Entity 0 updated its position to -70.4459 118.925 -205.043 0.1664 -0 6.14in cell 180590

Fri May 16 17:15:07 2008[GameMessage]Entity 0 updated its position to -69.3888 111.592 -205.043 0.1664 -0 6.14in cell 180590

Fri May 16 17:15:07 2008[GameMessage]Entity 0 updated its position to -69.1159 109.7 -205.043 0.1664 -0 6.14in cell 180590

Fri May 16 17:15:07 2008[GameMessage]Entity 0 updated its position to -68.0588 102.368 -205.043 0.1664 -0 6.14in cell 180590

Fri May 16 17:15:07 2008[GameMessage]Entity 0 updated its position to -67.5131 98.583 -205.043 0.1664 -0 6.14in cell 180590

Fri May 16 17:15:07 2008[GameMessage]Entity 0 updated its position to -66.9845 94.9167 -205.043 0.1664 -0 6.14in cell 180590

Fri May 16 17:15:07 2008[GameMessage]Entity 0 updated its position to -66.1831 89.3582 -205.043 0.1664 -0 6.14in cell 180590

Fri May 16 17:15:07 2008[GameMessage]Entity 0 updated its position to -65.3817 83.7997 -205.043 0.1664 -0 6.14in cell 180590

Fri May 16 17:15:07 2008[GameMessage]Entity 0 updated its position to -64.5803 78.2411 -205.043 0.1664 -0 6.14in cell 180590

Fri May 16 17:15:07 2008[GameMessage]Entity 0 updated its position to -66.7855 75.2649 -205.043 0.1664 -0 6.14in cell 180590

Fri May 16 17:15:07 2008[GameMessage]Entity 0 updated its position to -71.196 69.3124 -205.043 0.1664 -0 6.14in cell 180590

Fri May 16 17:15:07 2008[GameMessage]Entity 0 updated its position to -73.4723 66.2401 -205.043 0.1664 -0 6.14in cell 180590

Fri May 16 17:15:07 2008[GameMessage]Entity 0 updated its position to -75.6775 63.2639 -205.043 0.1664 -0 6.14in cell 180590

Fri May 16 17:15:07 2008[GameMessage]Entity 0 updated its position to -80.0879 57.3114 -205.043 0.1664 -0 6.14in cell 180590

Fri May 16 17:15:07 2008[GameMessage]Entity 0 updated its position to -82.3643 54.2391 -205.043 0.1664 -0 6.14in cell 180590

Fri May 16 17:15:07 2008[GameMessage]Entity 0 updated its position to -81.3071 46.9066 -205.043 0.1664 -0 6.14in cell 180590

Fri May 16 17:15:07 2008[GameMessage]Entity 0 updated its position to -80.7785 43.2403 -205.043 0.1664 -0 6.14in cell 180590

